

times in msec
 clock   self+sourced   self:  sourced script
 clock   elapsed:              other lines

000.010  000.010: --- NVIM STARTING ---
000.045  000.035: event init
000.118  000.072: early init
014.928  014.810: locale set
014.978  000.050: init first window
015.366  000.388: inits 1
015.401  000.035: window checked
015.407  000.006: parsing arguments
016.250  000.235  000.235: require('vim.shared')
016.772  000.205  000.205: require('vim._meta')
016.777  000.520  000.315: require('vim._editor')
016.780  000.851  000.096: require('vim._init_packages')
016.789  000.531: init lua interpreter
016.986  000.197: expanding arguments
017.022  000.036: inits 2
017.464  000.443: init highlight
017.467  000.003: waiting for UI
017.671  000.204: done waiting for UI
017.681  000.010: clear screen
017.860  000.178: init default mappings & autocommands
020.592  000.092  000.092: sourcing C:\tools\neovim\nvim-win64\share\nvim\runtime\ftplugin.vim
021.043  000.054  000.054: sourcing C:\tools\neovim\nvim-win64\share\nvim\runtime\indent.vim
021.221  003.216: sourcing vimrc file(s)
022.373  000.037  000.037: sourcing C:\Users\filip\AppData\Local\nvim-data\site\pack\packer\start\vim-fugitive\ftdetect\fugitive.vim
022.826  001.095  001.057: sourcing C:\tools\neovim\nvim-win64\share\nvim\runtime\filetype.lua
023.646  000.105  000.105: sourcing C:\tools\neovim\nvim-win64\share\nvim\runtime\syntax\synload.vim
023.877  000.821  000.715: sourcing C:\tools\neovim\nvim-win64\share\nvim\runtime\syntax\syntax.vim
027.817  000.282  000.282: sourcing C:\tools\neovim\nvim-win64\share\nvim\runtime\plugin\gzip.vim
027.986  000.033  000.033: sourcing C:\tools\neovim\nvim-win64\share\nvim\runtime\plugin\health.vim
029.524  000.314  000.314: sourcing C:\tools\neovim\nvim-win64\share\nvim\runtime\pack\dist\opt\matchit\plugin\matchit.vim
029.793  001.678  001.364: sourcing C:\tools\neovim\nvim-win64\share\nvim\runtime\plugin\matchit.vim
030.103  000.181  000.181: sourcing C:\tools\neovim\nvim-win64\share\nvim\runtime\plugin\matchparen.vim
030.726  000.488  000.488: sourcing C:\tools\neovim\nvim-win64\share\nvim\runtime\plugin\netrwPlugin.vim
031.309  000.031  000.031: sourcing C:\Users\filip\AppData\Local\nvim-data/rplugin.vim
031.329  000.449  000.418: sourcing C:\tools\neovim\nvim-win64\share\nvim\runtime\plugin\rplugin.vim
031.561  000.095  000.095: sourcing C:\tools\neovim\nvim-win64\share\nvim\runtime\plugin\shada.vim
031.752  000.041  000.041: sourcing C:\tools\neovim\nvim-win64\share\nvim\runtime\plugin\spellfile.vim
032.039  000.148  000.148: sourcing C:\tools\neovim\nvim-win64\share\nvim\runtime\plugin\tarPlugin.vim
032.309  000.121  000.121: sourcing C:\tools\neovim\nvim-win64\share\nvim\runtime\plugin\tohtml.vim
032.493  000.045  000.045: sourcing C:\tools\neovim\nvim-win64\share\nvim\runtime\plugin\tutor.vim
032.800  000.169  000.169: sourcing C:\tools\neovim\nvim-win64\share\nvim\runtime\plugin\zipPlugin.vim
034.236  001.015  001.015: sourcing C:\Users\filip\.config\nvim\plugin\packer_compiled.lua
035.149  000.076  000.076: sourcing C:\tools\neovim\nvim-win64\share\nvim\runtime\plugin\editorconfig.lua
035.385  000.091  000.091: sourcing C:\tools\neovim\nvim-win64\share\nvim\runtime\plugin\man.lua
035.612  000.081  000.081: sourcing C:\tools\neovim\nvim-win64\share\nvim\runtime\plugin\nvim.lua
035.663  007.533: loading rtp plugins
037.663  000.077  000.077: sourcing C:\Users\filip\AppData\Local\nvim-data\site\pack\packer\start\lsp-zero.nvim\plugin\lsp-zero.lua
038.170  000.048  000.048: sourcing C:\Users\filip\AppData\Local\nvim-data\site\pack\packer\start\LuaSnip\plugin\luasnip.vim
040.304  001.658  001.658: require('vim.filetype')
040.368  000.053  000.053: require('vim.keymap')
044.985  000.199  000.199: require('luasnip.util.types')
045.229  000.237  000.237: require('luasnip.util.ext_opts')
046.101  000.209  000.209: require('luasnip.session')
046.111  000.652  000.443: require('luasnip.util.util')
046.115  000.880  000.228: require('luasnip.extras.filetype_functions')
046.333  005.728  004.412: require('luasnip.config')
047.364  000.203  000.203: require('luasnip.session.snippet_collection.source')
047.460  000.623  000.419: require('luasnip.session.snippet_collection')
048.298  000.488  000.488: require('luasnip.util._builtin_vars')
048.486  000.180  000.180: require('vim.inspect')
048.521  001.057  000.390: require('luasnip.util.environ')
048.749  000.224  000.224: require('luasnip.util.extend_decorator')
049.227  000.200  000.200: require('luasnip.loaders._caches')
049.793  000.284  000.284: require('luasnip.util.path')
049.802  000.569  000.284: require('luasnip.loaders.util')
049.819  001.065  000.297: require('luasnip.loaders')
050.235  000.409  000.409: require('luasnip.util.log')
050.262  003.918  000.540: require('luasnip')
050.308  011.759  000.402: sourcing C:\Users\filip\AppData\Local\nvim-data\site\pack\packer\start\LuaSnip\plugin\luasnip.lua
051.684  000.406  000.406: require('cmp.utils.api')
052.240  000.278  000.278: require('cmp.types.cmp')
052.913  000.336  000.336: require('cmp.utils.misc')
052.926  000.680  000.344: require('cmp.types.lsp')
053.180  000.251  000.251: require('cmp.types.vim')
053.185  001.496  000.286: require('cmp.types')
053.458  000.269  000.269: require('cmp.utils.highlight')
053.997  000.259  000.259: require('cmp.utils.debug')
054.006  000.543  000.285: require('cmp.utils.autocmd')
054.264  003.120  000.406: sourcing C:\Users\filip\AppData\Local\nvim-data\site\pack\packer\start\nvim-cmp\plugin\cmp.lua
057.970  000.655  000.655: require('vim.lsp.log')
058.791  000.814  000.814: require('vim.lsp.protocol')
060.740  000.666  000.666: require('vim.lsp._snippet')
061.256  000.509  000.509: require('vim.highlight')
061.276  000.014  000.014: require('vim.F')
061.291  002.492  001.303: require('vim.lsp.util')
061.309  004.729  000.767: require('vim.lsp.handlers')
062.078  000.766  000.766: require('vim.lsp.rpc')
062.681  000.597  000.597: require('vim.lsp.sync')
063.436  000.749  000.749: require('vim.lsp.semantic_tokens')
064.253  000.812  000.812: require('vim.lsp.buf')
064.842  000.583  000.583: require('vim.lsp.diagnostic')
065.463  000.616  000.616: require('vim.lsp.codelens')
065.503  010.516  001.665: require('vim.lsp')
066.129  000.621  000.621: require('vim.version')
067.654  012.794  001.658: sourcing C:\Users\filip\AppData\Local\nvim-data\site\pack\packer\start\nvim-lspconfig\plugin\lspconfig.lua
069.904  000.463  000.463: require('nvim-treesitter.utils')
073.645  000.502  000.502: require('vim.treesitter.language')
073.656  001.204  000.702: require('vim.treesitter.query')
074.165  000.505  000.505: require('vim.treesitter._range')
074.174  002.606  000.897: require('vim.treesitter.languagetree')
074.180  003.413  000.807: require('vim.treesitter')
074.527  004.618  001.204: require('nvim-treesitter.parsers')
076.221  000.321  000.321: require('nvim-treesitter.compat')
077.082  000.479  000.479: require('nvim-treesitter.ts_utils')
077.090  000.863  000.384: require('nvim-treesitter.tsrange')
077.422  000.328  000.328: require('nvim-treesitter.caching')
077.431  001.992  000.479: require('nvim-treesitter.query')
077.440  002.507  000.516: require('nvim-treesitter.configs')
077.444  002.912  000.405: require('nvim-treesitter.info')
077.881  000.434  000.434: require('nvim-treesitter.shell_command_selectors')
077.898  009.250  000.824: require('nvim-treesitter.install')
078.238  000.336  000.336: require('nvim-treesitter.statusline')
078.652  000.409  000.409: require('nvim-treesitter.query_predicates')
078.659  010.316  000.320: require('nvim-treesitter')
079.116  010.845  000.529: sourcing C:\Users\filip\AppData\Local\nvim-data\site\pack\packer\start\nvim-treesitter\plugin\nvim-treesitter.lua
080.293  000.351  000.351: require('nvim-treesitter-playground')
080.449  000.578  000.226: sourcing C:\Users\filip\AppData\Local\nvim-data\site\pack\packer\start\playground\plugin\nvim-treesitter-playground.lua
080.976  000.077  000.077: sourcing C:\Users\filip\AppData\Local\nvim-data\site\pack\packer\start\plenary.nvim\plugin\plenary.vim
082.159  000.331  000.331: sourcing C:\Users\filip\AppData\Local\nvim-data\site\pack\packer\start\telescope.nvim\plugin\telescope.lua
082.820  000.175  000.175: sourcing C:\Users\filip\AppData\Local\nvim-data\site\pack\packer\start\undotree\plugin\undotree.vim
084.864  001.460  001.460: sourcing C:\Users\filip\AppData\Local\nvim-data\site\pack\packer\start\vim-fugitive\plugin\fugitive.vim
085.246  008.320: loading packages
086.432  000.175  000.175: require('cmp_nvim_lsp.source')
086.439  000.367  000.192: require('cmp_nvim_lsp')
086.453  000.432  000.065: sourcing C:\Users\filip\AppData\Local\nvim-data\site\pack\packer\start\cmp-nvim-lsp\after\plugin\cmp_nvim_lsp.lua
089.362  000.457  000.457: require('rose-pine.config')
089.368  000.892  000.436: require('rose-pine')
090.227  000.807  000.807: require('rose-pine.theme')
090.705  000.472  000.472: require('rose-pine.util')
091.144  000.433  000.433: require('rose-pine.palette')
093.055  004.646  002.042: sourcing C:\Users\filip\AppData\Local\nvim-data\site\pack\packer\start\rose-pine\colors\rose-pine.lua
093.249  005.826  001.180: sourcing C:\Users\filip\.config\nvim\after\plugin\colors.lua
093.472  000.065  000.065: sourcing C:\Users\filip\.config\nvim\after\plugin\fugitive.lua
095.655  000.521  000.521: require('plenary.bit')
096.086  000.424  000.424: require('plenary.functional')
096.107  001.797  000.852: require('plenary.path')
097.107  000.816  000.816: require('plenary.job')
097.114  001.003  000.187: require('harpoon.utils')
097.847  000.556  000.556: require('plenary.log')
097.935  000.818  000.262: require('harpoon.dev')
098.700  004.682  001.064: require('harpoon')
098.716  005.038  000.355: require('harpoon.mark')
100.744  000.470  000.470: require('plenary.strings')
100.751  001.008  000.538: require('plenary.window.border')
101.149  000.394  000.394: require('plenary.window')
101.543  000.388  000.388: require('plenary.popup.utils')
101.549  002.472  000.681: require('plenary.popup')
101.554  002.834  000.363: require('harpoon.ui')
101.649  008.032  000.160: sourcing C:\Users\filip\.config\nvim\after\plugin\harpoon.lua
102.477  000.306  000.306: require('lsp-zero.server')
103.751  000.807  000.807: require('lspconfig.util')
105.134  000.450  000.450: require('lspconfig.configs')
105.141  000.779  000.329: require('lspconfig')
105.367  003.466  001.573: require('lsp-zero')
105.573  000.201  000.201: require('lsp-zero.settings')
105.763  000.185  000.185: require('lsp-zero.preset')
105.983  000.184  000.184: require('lsp-zero.installer')
106.490  000.262  000.262: require('mason-core.path')
107.155  000.326  000.326: require('mason-core.functional')
107.736  000.243  000.243: require('mason-core.functional.data')
107.745  000.552  000.309: require('mason-core.functional.function')
108.025  000.250  000.250: require('mason-core.functional.relation')
108.290  000.257  000.257: require('mason-core.functional.logic')
108.305  001.808  000.424: require('mason-core.platform')
108.577  000.269  000.269: require('mason.settings')
108.583  002.594  000.254: require('mason')
109.315  000.335  000.335: require('mason-core.functional.list')
109.614  000.292  000.292: require('mason-core.functional.string')
109.651  001.027  000.400: require('mason.api.command')
109.955  000.296  000.296: require('mason-registry.sources')
110.607  000.352  000.352: require('mason-core.log')
110.831  000.219  000.219: require('mason-lspconfig.settings')
110.838  000.870  000.300: require('mason-lspconfig')
111.313  000.212  000.212: require('mason-lspconfig.notify')
111.320  000.478  000.267: require('mason-lspconfig.lspconfig_hook')
111.856  000.270  000.270: require('mason-core.functional.table')
111.904  000.581  000.311: require('mason-lspconfig.mappings.server')
112.484  000.257  000.257: require('mason-core.EventEmitter')
112.754  000.264  000.264: require('mason-core.optional')
113.382  000.328  000.328: require('mason-core.async')
113.629  000.241  000.241: require('mason-core.async.uv')
113.637  000.878  000.309: require('mason-core.fs')
113.660  001.752  000.353: require('mason-registry')
113.878  000.214  000.214: require('mason-lspconfig.server_config_extensions')
114.249  000.328  000.328: require('lspconfig.server_configurations.omnisharp')
115.005  000.248  000.248: require('mason-core.functional.number')
115.032  000.581  000.333: require('mason-lspconfig.api.command')
116.651  000.324  000.324: require('cmp.utils.char')
116.660  000.658  000.334: require('cmp.utils.str')
116.938  000.274  000.274: require('cmp.utils.pattern')
117.864  000.265  000.265: require('cmp.utils.buffer')
117.871  000.641  000.376: require('cmp.utils.keymap')
117.876  000.933  000.291: require('cmp.utils.feedkeys')
119.089  000.356  000.356: require('cmp.config.mapping')
119.382  000.287  000.287: require('cmp.utils.cache')
120.062  000.370  000.370: require('cmp.config.compare')
120.068  000.679  000.309: require('cmp.config.default')
120.079  001.770  000.448: require('cmp.config')
120.094  002.215  000.445: require('cmp.utils.async')
120.404  000.307  000.307: require('cmp.context')
121.699  000.368  000.368: require('cmp.matcher')
121.707  000.881  000.513: require('cmp.entry')
121.713  001.304  000.422: require('cmp.source')
122.348  000.275  000.275: require('cmp.utils.event')
123.355  000.266  000.266: require('cmp.utils.options')
123.365  000.680  000.414: require('cmp.utils.window')
123.368  001.014  000.334: require('cmp.view.docs_view')
123.885  000.513  000.513: require('cmp.view.custom_entries_view')
124.290  000.399  000.399: require('cmp.view.wildmenu_entries_view')
124.651  000.355  000.355: require('cmp.view.native_entries_view')
125.001  000.345  000.345: require('cmp.view.ghost_text_view')
125.014  003.298  000.395: require('cmp.view')
125.392  009.908  000.919: require('cmp.core')
125.784  000.283  000.283: require('cmp.config.sources')
126.058  000.268  000.268: require('cmp.config.window')
126.111  011.019  000.561: require('cmp')
126.398  000.282  000.282: require('lsp-zero.cmp')
126.695  000.211  000.211: require('lsp-zero.setup')
133.291  001.218  001.218: require('vim.diagnostic')
133.654  000.345  000.345: require('mason-lspconfig.ensure_installed')
135.329  000.334  000.334: require('mason-core.result')
135.414  000.800  000.466: require('mason-core.purl')
135.429  001.322  000.522: require('mason-core.package')
136.464  000.419  000.419: require('mason-core.process')
144.993  008.523  008.523: require('mason-core.spawn')
145.002  009.242  000.300: require('mason-core.managers.powershell')
145.008  009.576  000.334: require('mason-core.fetch')
145.343  000.331  000.331: require('mason-core.providers')
146.528  000.327  000.327: require('mason-core.installer.registry.expr')
146.548  000.798  000.471: require('mason-core.installer.registry.link')
148.424  000.320  000.320: require('mason-core.receipt')
148.447  000.788  000.469: require('mason-core.installer.context')
148.744  000.292  000.292: require('mason-core.async.control')
149.080  000.331  000.331: require('mason-core.installer.linker')
149.088  001.850  000.439: require('mason-core.installer')
149.110  002.268  000.418: require('mason-core.installer.managers.std')
149.114  002.563  000.295: require('mason-core.installer.registry.schemas')
149.128  003.779  000.418: require('mason-core.installer.registry')
149.148  015.480  000.472: require('mason-registry.sources.github')
152.931  000.458  000.458: require('lspconfig.server_configurations.rust_analyzer')
155.096  000.333  000.333: require('lspconfig.server_configurations.tsserver')
156.746  000.336  000.336: require('lspconfig.server_configurations.lua_ls')
164.427  062.623  020.181: sourcing C:\Users\filip\.config\nvim\after\plugin\lsp.lua
168.292  000.411  000.411: require('plenary.tbl')
168.304  000.860  000.449: require('plenary.vararg.rotate')
168.309  001.261  000.401: require('plenary.vararg')
168.718  000.404  000.404: require('plenary.errors')
168.728  002.131  000.466: require('plenary.async.async')
169.167  000.435  000.435: require('plenary.async.structs')
169.179  003.090  000.524: require('plenary.async.control')
171.503  000.451  000.451: require('telescope.deprecated')
172.708  000.479  000.479: require('telescope.log')
173.903  000.469  000.469: require('telescope.state')
173.963  001.249  000.780: require('telescope.utils')
173.970  002.460  000.733: require('telescope.sorters')
176.257  005.906  002.995: require('telescope.config')
176.783  000.519  000.519: require('telescope.pickers.scroller')
177.263  000.475  000.475: require('telescope.actions.state')
177.781  000.512  000.512: require('telescope.actions.utils')
178.839  000.521  000.521: require('telescope.actions.mt')
178.852  001.065  000.544: require('telescope.actions.set')
179.957  000.591  000.591: require('telescope.config.resolve')
179.964  001.108  000.517: require('telescope.pickers.entry_display')
180.436  000.468  000.468: require('telescope.from_entry')
180.528  011.346  001.293: require('telescope.actions')
182.031  000.980  000.980: require('telescope.make_entry')
183.755  000.431  000.431: require('plenary.async.util')
183.761  000.826  000.395: require('plenary.async.tests')
183.765  001.244  000.418: require('plenary.async')
183.768  001.731  000.487: require('telescope.finders.async_static_finder')
185.221  000.403  000.403: require('plenary.class')
185.341  001.075  000.672: require('telescope._')
185.346  001.575  000.500: require('telescope.finders.async_oneshot_finder')
185.847  000.497  000.497: require('telescope.finders.async_job_finder')
185.855  005.323  000.540: require('telescope.finders')
187.846  000.486  000.486: require('telescope._extensions')
187.853  000.951  000.465: require('telescope')
188.365  000.507  000.507: require('telescope.debounce')
188.969  000.598  000.598: require('telescope.mappings')
189.487  000.512  000.512: require('telescope.pickers.highlights')
189.966  000.473  000.473: require('telescope.pickers.window')
191.002  000.518  000.518: require('telescope.algos.linked_list')
191.010  001.038  000.521: require('telescope.entry_manager')
191.485  000.472  000.472: require('telescope.pickers.multi')
191.501  005.642  001.091: require('telescope.pickers')
191.508  026.121  000.719: require('telescope.builtin.__lsp')
191.526  026.851  000.731: require('telescope.builtin')
191.555  026.944  000.092: sourcing C:\Users\filip\.config\nvim\after\plugin\telescope.lua
200.209  000.361  000.361: require('nvim-treesitter.highlight')
200.249  008.516  008.155: sourcing C:\Users\filip\.config\nvim\after\plugin\treesitter.lua
200.479  000.063  000.063: sourcing C:\Users\filip\.config\nvim\after\plugin\undotree.lua
200.495  002.750: loading after plugins
200.519  000.024: inits 3
204.486  003.967: reading ShaDa
204.969  000.314  000.314: require('luasnip.loaders.from_lua')
207.235  000.201  000.201: require('luasnip.nodes.key_indexer')
207.243  000.463  000.262: require('luasnip.nodes.util')
207.439  000.192  000.192: require('luasnip.util.events')
207.449  001.040  000.384: require('luasnip.nodes.node')
207.780  000.328  000.328: require('luasnip.nodes.insertNode')
208.008  000.222  000.222: require('luasnip.nodes.textNode')
208.274  000.260  000.260: require('luasnip.util.mark')
208.515  000.235  000.235: require('luasnip.util.pattern_tokenizer')
208.727  000.207  000.207: require('luasnip.util.dict')
208.785  002.970  000.678: require('luasnip.nodes.snippet')
209.696  000.248  000.248: require('luasnip.util.parser.neovim_ast')
209.943  000.241  000.241: require('luasnip.util.str')
211.640  000.257  000.257: require('luasnip.util.directed_graph')
211.648  002.529  001.783: require('luasnip.util.parser.ast_utils')
211.911  000.259  000.259: require('luasnip.nodes.functionNode')
212.259  000.343  000.343: require('luasnip.nodes.choiceNode')
212.588  000.323  000.323: require('luasnip.nodes.dynamicNode')
212.800  000.207  000.207: require('luasnip.util.functions')
212.808  004.019  000.358: require('luasnip.util.parser.ast_parser')
213.172  000.360  000.360: require('luasnip.util.parser.neovim_parser')
213.180  007.623  000.274: require('luasnip.util.parser')
213.185  007.871  000.248: require('luasnip.nodes.snippetProxy')
213.195  008.201  000.330: require('luasnip.loaders.from_snipmate')
213.799  000.216  000.216: require('luasnip.nodes.multiSnippet')
214.014  000.209  000.209: require('luasnip.nodes.duplicate')
214.446  000.413  000.413: require('luasnip.util.jsonc')
214.455  001.243  000.405: require('luasnip.loaders.from_vscode')
214.500  000.256: opening buffers
214.546  000.046: BufEnter autocommands
214.549  000.003: editing files in windows
214.687  000.138: VimEnter autocommands
214.692  000.004: UIEnter autocommands
215.671  000.979: before starting main loop
216.264  000.593: first screen update
216.267  000.003: --- NVIM STARTED ---


times in msec
 clock   self+sourced   self:  sourced script
 clock   elapsed:              other lines

000.014  000.014: --- NVIM STARTING ---
000.073  000.059: event init
000.185  000.112: early init
014.944  014.759: locale set
015.039  000.096: init first window
015.631  000.591: inits 1
015.703  000.072: window checked
015.710  000.007: parsing arguments
016.558  000.245  000.245: require('vim.shared')
017.090  000.207  000.207: require('vim._meta')
017.095  000.530  000.323: require('vim._editor')
017.098  000.872  000.096: require('vim._init_packages')
017.106  000.525: init lua interpreter
020.994  003.888: expanding arguments
021.030  000.036: inits 2
021.475  000.445: init highlight
